CRITICAL - 2021-01-27 09:47:22 --> Too few arguments to function CodeIgniter\Database\BaseBuilder::join(), 1 passed in /home/ikhwan/www/webkpi/app/Models/Admin_model.php on line 34 and at least 2 expected
#0 /home/ikhwan/www/webkpi/app/Models/Admin_model.php(34): CodeIgniter\Database\BaseBuilder->join()
#1 /home/ikhwan/www/webkpi/app/Controllers/Admin.php(23): App\Models\Admin_model->getJmlSop()
#2 /home/ikhwan/www/webkpi/system/CodeIgniter.php(918): App\Controllers\Admin->getListKpi()
#3 /home/ikhwan/www/webkpi/system/CodeIgniter.php(404): CodeIgniter\CodeIgniter->runController()
#4 /home/ikhwan/www/webkpi/system/CodeIgniter.php(312): CodeIgniter\CodeIgniter->handleRequest()
#5 /home/ikhwan/www/webkpi/public/index.php(45): CodeIgniter\CodeIgniter->run()
#6 /home/ikhwan/www/webkpi/system/Commands/Server/rewrite.php(34): require_once('/home/ikhwan/ww...')
#7 {main}
CRITICAL - 2021-01-27 09:47:27 --> Too few arguments to function CodeIgniter\Database\BaseBuilder::join(), 1 passed in /home/ikhwan/www/webkpi/app/Models/Admin_model.php on line 34 and at least 2 expected
#0 /home/ikhwan/www/webkpi/app/Models/Admin_model.php(34): CodeIgniter\Database\BaseBuilder->join()
#1 /home/ikhwan/www/webkpi/app/Controllers/Admin.php(23): App\Models\Admin_model->getJmlSop()
#2 /home/ikhwan/www/webkpi/system/CodeIgniter.php(918): App\Controllers\Admin->getListKpi()
#3 /home/ikhwan/www/webkpi/system/CodeIgniter.php(404): CodeIgniter\CodeIgniter->runController()
#4 /home/ikhwan/www/webkpi/system/CodeIgniter.php(312): CodeIgniter\CodeIgniter->handleRequest()
#5 /home/ikhwan/www/webkpi/public/index.php(45): CodeIgniter\CodeIgniter->run()
#6 /home/ikhwan/www/webkpi/system/Commands/Server/rewrite.php(34): require_once('/home/ikhwan/ww...')
#7 {main}
CRITICAL - 2021-01-27 09:52:24 --> count(): Parameter must be an array or an object that implements Countable
#0 [internal function]: CodeIgniter\Debug\Exceptions->errorHandler()
#1 /home/ikhwan/www/webkpi/app/Controllers/Admin.php(25): count()
#2 /home/ikhwan/www/webkpi/system/CodeIgniter.php(918): App\Controllers\Admin->getListKpi()
#3 /home/ikhwan/www/webkpi/system/CodeIgniter.php(404): CodeIgniter\CodeIgniter->runController()
#4 /home/ikhwan/www/webkpi/system/CodeIgniter.php(312): CodeIgniter\CodeIgniter->handleRequest()
#5 /home/ikhwan/www/webkpi/public/index.php(45): CodeIgniter\CodeIgniter->run()
#6 /home/ikhwan/www/webkpi/system/Commands/Server/rewrite.php(34): require_once('/home/ikhwan/ww...')
#7 {main}
CRITICAL - 2021-01-27 09:52:28 --> count(): Parameter must be an array or an object that implements Countable
#0 [internal function]: CodeIgniter\Debug\Exceptions->errorHandler()
#1 /home/ikhwan/www/webkpi/app/Controllers/Admin.php(25): count()
#2 /home/ikhwan/www/webkpi/system/CodeIgniter.php(918): App\Controllers\Admin->getListKpi()
#3 /home/ikhwan/www/webkpi/system/CodeIgniter.php(404): CodeIgniter\CodeIgniter->runController()
#4 /home/ikhwan/www/webkpi/system/CodeIgniter.php(312): CodeIgniter\CodeIgniter->handleRequest()
#5 /home/ikhwan/www/webkpi/public/index.php(45): CodeIgniter\CodeIgniter->run()
#6 /home/ikhwan/www/webkpi/system/Commands/Server/rewrite.php(34): require_once('/home/ikhwan/ww...')
#7 {main}
