CRITICAL - 2021-02-14 04:20:50 --> Class 'App\Controllers\User_model' not found
#0 /home/ikhwan/www/webkpi/system/CodeIgniter.php(918): App\Controllers\Admin->getSop()
#1 /home/ikhwan/www/webkpi/system/CodeIgniter.php(404): CodeIgniter\CodeIgniter->runController()
#2 /home/ikhwan/www/webkpi/system/CodeIgniter.php(312): CodeIgniter\CodeIgniter->handleRequest()
#3 /home/ikhwan/www/webkpi/public/index.php(45): CodeIgniter\CodeIgniter->run()
#4 /home/ikhwan/www/webkpi/system/Commands/Server/rewrite.php(34): require_once('/home/ikhwan/ww...')
#5 {main}
CRITICAL - 2021-02-14 04:21:00 --> Class 'App\Controllers\User_model' not found
#0 /home/ikhwan/www/webkpi/system/CodeIgniter.php(918): App\Controllers\Admin->getSop()
#1 /home/ikhwan/www/webkpi/system/CodeIgniter.php(404): CodeIgniter\CodeIgniter->runController()
#2 /home/ikhwan/www/webkpi/system/CodeIgniter.php(312): CodeIgniter\CodeIgniter->handleRequest()
#3 /home/ikhwan/www/webkpi/public/index.php(45): CodeIgniter\CodeIgniter->run()
#4 /home/ikhwan/www/webkpi/system/Commands/Server/rewrite.php(34): require_once('/home/ikhwan/ww...')
#5 {main}
CRITICAL - 2021-02-14 04:21:04 --> Class 'App\Controllers\User_model' not found
#0 /home/ikhwan/www/webkpi/system/CodeIgniter.php(918): App\Controllers\Admin->getSop()
#1 /home/ikhwan/www/webkpi/system/CodeIgniter.php(404): CodeIgniter\CodeIgniter->runController()
#2 /home/ikhwan/www/webkpi/system/CodeIgniter.php(312): CodeIgniter\CodeIgniter->handleRequest()
#3 /home/ikhwan/www/webkpi/public/index.php(45): CodeIgniter\CodeIgniter->run()
#4 /home/ikhwan/www/webkpi/system/Commands/Server/rewrite.php(34): require_once('/home/ikhwan/ww...')
#5 {main}
CRITICAL - 2021-02-14 04:31:45 --> Class 'App\Controllers\User_model' not found
#0 /home/ikhwan/www/webkpi/system/CodeIgniter.php(918): App\Controllers\Admin->getSop()
#1 /home/ikhwan/www/webkpi/system/CodeIgniter.php(404): CodeIgniter\CodeIgniter->runController()
#2 /home/ikhwan/www/webkpi/system/CodeIgniter.php(312): CodeIgniter\CodeIgniter->handleRequest()
#3 /home/ikhwan/www/webkpi/public/index.php(45): CodeIgniter\CodeIgniter->run()
#4 /home/ikhwan/www/webkpi/system/Commands/Server/rewrite.php(34): require_once('/home/ikhwan/ww...')
#5 {main}
CRITICAL - 2021-02-14 04:44:20 --> Class 'App\Controllers\User_model' not found
#0 /home/ikhwan/www/webkpi/system/CodeIgniter.php(918): App\Controllers\Admin->getSop()
#1 /home/ikhwan/www/webkpi/system/CodeIgniter.php(404): CodeIgniter\CodeIgniter->runController()
#2 /home/ikhwan/www/webkpi/system/CodeIgniter.php(312): CodeIgniter\CodeIgniter->handleRequest()
#3 /home/ikhwan/www/webkpi/public/index.php(45): CodeIgniter\CodeIgniter->run()
#4 /home/ikhwan/www/webkpi/system/Commands/Server/rewrite.php(34): require_once('/home/ikhwan/ww...')
#5 {main}
