CRITICAL - 2021-02-07 09:35:55 --> count(): Parameter must be an array or an object that implements Countable
#0 [internal function]: CodeIgniter\Debug\Exceptions->errorHandler()
#1 /home/ikhwan/www/webkpi/app/Controllers/Admin.php(54): count()
#2 /home/ikhwan/www/webkpi/system/CodeIgniter.php(918): App\Controllers\Admin->getKpiByUser()
#3 /home/ikhwan/www/webkpi/system/CodeIgniter.php(404): CodeIgniter\CodeIgniter->runController()
#4 /home/ikhwan/www/webkpi/system/CodeIgniter.php(312): CodeIgniter\CodeIgniter->handleRequest()
#5 /home/ikhwan/www/webkpi/public/index.php(45): CodeIgniter\CodeIgniter->run()
#6 /home/ikhwan/www/webkpi/system/Commands/Server/rewrite.php(34): require_once('/home/ikhwan/ww...')
#7 {main}
CRITICAL - 2021-02-07 09:36:07 --> count(): Parameter must be an array or an object that implements Countable
#0 [internal function]: CodeIgniter\Debug\Exceptions->errorHandler()
#1 /home/ikhwan/www/webkpi/app/Controllers/Admin.php(54): count()
#2 /home/ikhwan/www/webkpi/system/CodeIgniter.php(918): App\Controllers\Admin->getKpiByUser()
#3 /home/ikhwan/www/webkpi/system/CodeIgniter.php(404): CodeIgniter\CodeIgniter->runController()
#4 /home/ikhwan/www/webkpi/system/CodeIgniter.php(312): CodeIgniter\CodeIgniter->handleRequest()
#5 /home/ikhwan/www/webkpi/public/index.php(45): CodeIgniter\CodeIgniter->run()
#6 /home/ikhwan/www/webkpi/system/Commands/Server/rewrite.php(34): require_once('/home/ikhwan/ww...')
#7 {main}
CRITICAL - 2021-02-07 09:36:35 --> count(): Parameter must be an array or an object that implements Countable
#0 [internal function]: CodeIgniter\Debug\Exceptions->errorHandler()
#1 /home/ikhwan/www/webkpi/app/Controllers/Admin.php(54): count()
#2 /home/ikhwan/www/webkpi/system/CodeIgniter.php(918): App\Controllers\Admin->getKpiByUser()
#3 /home/ikhwan/www/webkpi/system/CodeIgniter.php(404): CodeIgniter\CodeIgniter->runController()
#4 /home/ikhwan/www/webkpi/system/CodeIgniter.php(312): CodeIgniter\CodeIgniter->handleRequest()
#5 /home/ikhwan/www/webkpi/public/index.php(45): CodeIgniter\CodeIgniter->run()
#6 /home/ikhwan/www/webkpi/system/Commands/Server/rewrite.php(34): require_once('/home/ikhwan/ww...')
#7 {main}
CRITICAL - 2021-02-07 09:36:38 --> count(): Parameter must be an array or an object that implements Countable
#0 [internal function]: CodeIgniter\Debug\Exceptions->errorHandler()
#1 /home/ikhwan/www/webkpi/app/Controllers/Admin.php(54): count()
#2 /home/ikhwan/www/webkpi/system/CodeIgniter.php(918): App\Controllers\Admin->getKpiByUser()
#3 /home/ikhwan/www/webkpi/system/CodeIgniter.php(404): CodeIgniter\CodeIgniter->runController()
#4 /home/ikhwan/www/webkpi/system/CodeIgniter.php(312): CodeIgniter\CodeIgniter->handleRequest()
#5 /home/ikhwan/www/webkpi/public/index.php(45): CodeIgniter\CodeIgniter->run()
#6 /home/ikhwan/www/webkpi/system/Commands/Server/rewrite.php(34): require_once('/home/ikhwan/ww...')
#7 {main}
CRITICAL - 2021-02-07 09:36:47 --> count(): Parameter must be an array or an object that implements Countable
#0 [internal function]: CodeIgniter\Debug\Exceptions->errorHandler()
#1 /home/ikhwan/www/webkpi/app/Controllers/Admin.php(54): count()
#2 /home/ikhwan/www/webkpi/system/CodeIgniter.php(918): App\Controllers\Admin->getKpiByUser()
#3 /home/ikhwan/www/webkpi/system/CodeIgniter.php(404): CodeIgniter\CodeIgniter->runController()
#4 /home/ikhwan/www/webkpi/system/CodeIgniter.php(312): CodeIgniter\CodeIgniter->handleRequest()
#5 /home/ikhwan/www/webkpi/public/index.php(45): CodeIgniter\CodeIgniter->run()
#6 /home/ikhwan/www/webkpi/system/Commands/Server/rewrite.php(34): require_once('/home/ikhwan/ww...')
#7 {main}
