CRITICAL - 2020-11-06 07:31:32 --> Call to undefined method CodeIgniter\Database\MySQLi\Builder::getResultArray()
#0 /home/ikhwan/www/lokoweb/app/Controllers/User.php(18): App\Models\User_model->getKpi(1)
#1 /home/ikhwan/www/lokoweb/system/CodeIgniter.php(918): App\Controllers\User->kpi()
#2 /home/ikhwan/www/lokoweb/system/CodeIgniter.php(404): CodeIgniter\CodeIgniter->runController(Object(App\Controllers\User))
#3 /home/ikhwan/www/lokoweb/system/CodeIgniter.php(312): CodeIgniter\CodeIgniter->handleRequest(NULL, Object(Config\Cache), false)
#4 /home/ikhwan/www/lokoweb/public/index.php(45): CodeIgniter\CodeIgniter->run()
#5 /home/ikhwan/www/lokoweb/system/Commands/Server/rewrite.php(34): require_once('/home/ikhwan/ww...')
#6 {main}
CRITICAL - 2020-11-06 18:21:34 --> Invalid file: user/tambahkpi.php
#0 /home/ikhwan/www/lokoweb/system/View/View.php(228): CodeIgniter\Exceptions\FrameworkException::forInvalidFile('user/tambahkpi....')
#1 /home/ikhwan/www/lokoweb/system/Common.php(1119): CodeIgniter\View\View->render('user/tambahkpi', Array, true)
#2 /home/ikhwan/www/lokoweb/app/Controllers/User.php(54): view('user/tambahkpi')
#3 /home/ikhwan/www/lokoweb/system/CodeIgniter.php(918): App\Controllers\User->tambahkpi()
#4 /home/ikhwan/www/lokoweb/system/CodeIgniter.php(404): CodeIgniter\CodeIgniter->runController(Object(App\Controllers\User))
#5 /home/ikhwan/www/lokoweb/system/CodeIgniter.php(312): CodeIgniter\CodeIgniter->handleRequest(NULL, Object(Config\Cache), false)
#6 /home/ikhwan/www/lokoweb/public/index.php(45): CodeIgniter\CodeIgniter->run()
#7 /home/ikhwan/www/lokoweb/system/Commands/Server/rewrite.php(34): require_once('/home/ikhwan/ww...')
#8 {main}
CRITICAL - 2020-11-06 18:21:56 --> Invalid argument supplied for foreach()
#0 /home/ikhwan/www/lokoweb/app/Views/user/tambah_kpi.php(28): CodeIgniter\Debug\Exceptions->errorHandler(2, 'Invalid argumen...', '/home/ikhwan/ww...', 28, Array)
#1 /home/ikhwan/www/lokoweb/system/View/View.php(246): include('/home/ikhwan/ww...')
#2 /home/ikhwan/www/lokoweb/system/Common.php(1119): CodeIgniter\View\View->render('user/tambah_kpi', Array, true)
#3 /home/ikhwan/www/lokoweb/app/Controllers/User.php(54): view('user/tambah_kpi')
#4 /home/ikhwan/www/lokoweb/system/CodeIgniter.php(918): App\Controllers\User->tambahkpi()
#5 /home/ikhwan/www/lokoweb/system/CodeIgniter.php(404): CodeIgniter\CodeIgniter->runController(Object(App\Controllers\User))
#6 /home/ikhwan/www/lokoweb/system/CodeIgniter.php(312): CodeIgniter\CodeIgniter->handleRequest(NULL, Object(Config\Cache), false)
#7 /home/ikhwan/www/lokoweb/public/index.php(45): CodeIgniter\CodeIgniter->run()
#8 /home/ikhwan/www/lokoweb/system/Commands/Server/rewrite.php(34): require_once('/home/ikhwan/ww...')
#9 {main}
CRITICAL - 2020-11-06 18:37:35 --> Invalid file: user/tampil_kpi.php
#0 /home/ikhwan/www/lokoweb/system/View/View.php(228): CodeIgniter\Exceptions\FrameworkException::forInvalidFile('user/tampil_kpi...')
#1 /home/ikhwan/www/lokoweb/system/Common.php(1119): CodeIgniter\View\View->render('user/tampil_kpi', Array, true)
#2 /home/ikhwan/www/lokoweb/app/Controllers/User.php(50): view('user/tampil_kpi', Array)
#3 /home/ikhwan/www/lokoweb/system/CodeIgniter.php(918): App\Controllers\User->kpi()
#4 /home/ikhwan/www/lokoweb/system/CodeIgniter.php(404): CodeIgniter\CodeIgniter->runController(Object(App\Controllers\User))
#5 /home/ikhwan/www/lokoweb/system/CodeIgniter.php(312): CodeIgniter\CodeIgniter->handleRequest(NULL, Object(Config\Cache), false)
#6 /home/ikhwan/www/lokoweb/public/index.php(45): CodeIgniter\CodeIgniter->run()
#7 /home/ikhwan/www/lokoweb/system/Commands/Server/rewrite.php(34): require_once('/home/ikhwan/ww...')
#8 {main}
CRITICAL - 2020-11-06 18:37:40 --> Invalid file: user/tampil_kpi.php
#0 /home/ikhwan/www/lokoweb/system/View/View.php(228): CodeIgniter\Exceptions\FrameworkException::forInvalidFile('user/tampil_kpi...')
#1 /home/ikhwan/www/lokoweb/system/Common.php(1119): CodeIgniter\View\View->render('user/tampil_kpi', Array, true)
#2 /home/ikhwan/www/lokoweb/app/Controllers/User.php(50): view('user/tampil_kpi', Array)
#3 /home/ikhwan/www/lokoweb/system/CodeIgniter.php(918): App\Controllers\User->kpi()
#4 /home/ikhwan/www/lokoweb/system/CodeIgniter.php(404): CodeIgniter\CodeIgniter->runController(Object(App\Controllers\User))
#5 /home/ikhwan/www/lokoweb/system/CodeIgniter.php(312): CodeIgniter\CodeIgniter->handleRequest(NULL, Object(Config\Cache), false)
#6 /home/ikhwan/www/lokoweb/public/index.php(45): CodeIgniter\CodeIgniter->run()
#7 /home/ikhwan/www/lokoweb/system/Commands/Server/rewrite.php(34): require_once('/home/ikhwan/ww...')
#8 {main}
