CRITICAL - 2020-12-08 18:19:24 --> Could not move file phplQGZuc to /home/ikhwan/www/webkpi/public/img/ ()
#0 /home/ikhwan/www/webkpi/system/HTTP/Files/UploadedFile.php(187): CodeIgniter\HTTP\Exceptions\HTTPException::forMoveFailed('phplQGZuc', '/home/ikhwan/ww...', '')
#1 /home/ikhwan/www/webkpi/app/Controllers/User.php(179): CodeIgniter\HTTP\Files\UploadedFile->move('/home/ikhwan/ww...', '1607473164_4035...')
#2 /home/ikhwan/www/webkpi/system/CodeIgniter.php(918): App\Controllers\User->simpanSop()
#3 /home/ikhwan/www/webkpi/system/CodeIgniter.php(404): CodeIgniter\CodeIgniter->runController(Object(App\Controllers\User))
#4 /home/ikhwan/www/webkpi/system/CodeIgniter.php(312): CodeIgniter\CodeIgniter->handleRequest(NULL, Object(Config\Cache), false)
#5 /home/ikhwan/www/webkpi/public/index.php(45): CodeIgniter\CodeIgniter->run()
#6 {main}
CRITICAL - 2020-12-08 18:23:27 --> Could not move file phpsQDzYz to /home/ikhwan/www/webkpi/public/img/ ()
#0 /home/ikhwan/www/webkpi/system/HTTP/Files/UploadedFile.php(187): CodeIgniter\HTTP\Exceptions\HTTPException::forMoveFailed('phpsQDzYz', '/home/ikhwan/ww...', '')
#1 /home/ikhwan/www/webkpi/app/Controllers/User.php(182): CodeIgniter\HTTP\Files\UploadedFile->move('/home/ikhwan/ww...', '1607473407_7c21...')
#2 /home/ikhwan/www/webkpi/system/CodeIgniter.php(918): App\Controllers\User->simpanSop()
#3 /home/ikhwan/www/webkpi/system/CodeIgniter.php(404): CodeIgniter\CodeIgniter->runController(Object(App\Controllers\User))
#4 /home/ikhwan/www/webkpi/system/CodeIgniter.php(312): CodeIgniter\CodeIgniter->handleRequest(NULL, Object(Config\Cache), false)
#5 /home/ikhwan/www/webkpi/public/index.php(45): CodeIgniter\CodeIgniter->run()
#6 {main}
CRITICAL - 2020-12-08 18:23:50 --> Could not move file phpXrzW6u to /home/ikhwan/www/webkpi/public/img/ ()
#0 /home/ikhwan/www/webkpi/system/HTTP/Files/UploadedFile.php(187): CodeIgniter\HTTP\Exceptions\HTTPException::forMoveFailed('phpXrzW6u', '/home/ikhwan/ww...', '')
#1 /home/ikhwan/www/webkpi/app/Controllers/User.php(182): CodeIgniter\HTTP\Files\UploadedFile->move('/home/ikhwan/ww...', '1607473430_309d...')
#2 /home/ikhwan/www/webkpi/system/CodeIgniter.php(918): App\Controllers\User->simpanSop()
#3 /home/ikhwan/www/webkpi/system/CodeIgniter.php(404): CodeIgniter\CodeIgniter->runController(Object(App\Controllers\User))
#4 /home/ikhwan/www/webkpi/system/CodeIgniter.php(312): CodeIgniter\CodeIgniter->handleRequest(NULL, Object(Config\Cache), false)
#5 /home/ikhwan/www/webkpi/public/index.php(45): CodeIgniter\CodeIgniter->run()
#6 {main}
CRITICAL - 2020-12-08 19:33:14 --> Call to undefined function App\Controllers\delete_files()
#0 /home/ikhwan/www/webkpi/system/CodeIgniter.php(918): App\Controllers\User->hapussop()
#1 /home/ikhwan/www/webkpi/system/CodeIgniter.php(404): CodeIgniter\CodeIgniter->runController(Object(App\Controllers\User))
#2 /home/ikhwan/www/webkpi/system/CodeIgniter.php(312): CodeIgniter\CodeIgniter->handleRequest(NULL, Object(Config\Cache), false)
#3 /home/ikhwan/www/webkpi/public/index.php(45): CodeIgniter\CodeIgniter->run()
#4 {main}
CRITICAL - 2020-12-08 19:35:53 --> Call to undefined function App\Controllers\delete_files()
#0 /home/ikhwan/www/webkpi/system/CodeIgniter.php(918): App\Controllers\User->hapussop()
#1 /home/ikhwan/www/webkpi/system/CodeIgniter.php(404): CodeIgniter\CodeIgniter->runController(Object(App\Controllers\User))
#2 /home/ikhwan/www/webkpi/system/CodeIgniter.php(312): CodeIgniter\CodeIgniter->handleRequest(NULL, Object(Config\Cache), false)
#3 /home/ikhwan/www/webkpi/public/index.php(45): CodeIgniter\CodeIgniter->run()
#4 {main}
CRITICAL - 2020-12-08 19:37:48 --> Call to undefined function App\Controllers\delete_files()
#0 /home/ikhwan/www/webkpi/system/CodeIgniter.php(918): App\Controllers\User->hapussop()
#1 /home/ikhwan/www/webkpi/system/CodeIgniter.php(404): CodeIgniter\CodeIgniter->runController(Object(App\Controllers\User))
#2 /home/ikhwan/www/webkpi/system/CodeIgniter.php(312): CodeIgniter\CodeIgniter->handleRequest(NULL, Object(Config\Cache), false)
#3 /home/ikhwan/www/webkpi/public/index.php(45): CodeIgniter\CodeIgniter->run()
#4 {main}
CRITICAL - 2020-12-08 19:39:30 --> Call to undefined function App\Controllers\delete_files()
#0 /home/ikhwan/www/webkpi/system/CodeIgniter.php(918): App\Controllers\User->hapussop()
#1 /home/ikhwan/www/webkpi/system/CodeIgniter.php(404): CodeIgniter\CodeIgniter->runController(Object(App\Controllers\User))
#2 /home/ikhwan/www/webkpi/system/CodeIgniter.php(312): CodeIgniter\CodeIgniter->handleRequest(NULL, Object(Config\Cache), false)
#3 /home/ikhwan/www/webkpi/public/index.php(45): CodeIgniter\CodeIgniter->run()
#4 {main}
CRITICAL - 2020-12-08 19:39:31 --> Call to undefined function App\Controllers\delete_files()
#0 /home/ikhwan/www/webkpi/system/CodeIgniter.php(918): App\Controllers\User->hapussop()
#1 /home/ikhwan/www/webkpi/system/CodeIgniter.php(404): CodeIgniter\CodeIgniter->runController(Object(App\Controllers\User))
#2 /home/ikhwan/www/webkpi/system/CodeIgniter.php(312): CodeIgniter\CodeIgniter->handleRequest(NULL, Object(Config\Cache), false)
#3 /home/ikhwan/www/webkpi/public/index.php(45): CodeIgniter\CodeIgniter->run()
#4 {main}
CRITICAL - 2020-12-08 19:45:14 --> unlink(/home/ikhwan/www/webkpi/public/img/1607474289_894484161ed0753fb03d.jpe): No such file or directory
#0 [internal function]: CodeIgniter\Debug\Exceptions->errorHandler(2, 'unlink(/home/ik...', '/home/ikhwan/ww...', 227, Array)
#1 /home/ikhwan/www/webkpi/app/Controllers/User.php(227): unlink('/home/ikhwan/ww...')
#2 /home/ikhwan/www/webkpi/system/CodeIgniter.php(918): App\Controllers\User->hapussop()
#3 /home/ikhwan/www/webkpi/system/CodeIgniter.php(404): CodeIgniter\CodeIgniter->runController(Object(App\Controllers\User))
#4 /home/ikhwan/www/webkpi/system/CodeIgniter.php(312): CodeIgniter\CodeIgniter->handleRequest(NULL, Object(Config\Cache), false)
#5 /home/ikhwan/www/webkpi/public/index.php(45): CodeIgniter\CodeIgniter->run()
#6 {main}
CRITICAL - 2020-12-08 19:45:15 --> unlink(/home/ikhwan/www/webkpi/public/img/1607474289_894484161ed0753fb03d.jpe): No such file or directory
#0 [internal function]: CodeIgniter\Debug\Exceptions->errorHandler(2, 'unlink(/home/ik...', '/home/ikhwan/ww...', 227, Array)
#1 /home/ikhwan/www/webkpi/app/Controllers/User.php(227): unlink('/home/ikhwan/ww...')
#2 /home/ikhwan/www/webkpi/system/CodeIgniter.php(918): App\Controllers\User->hapussop()
#3 /home/ikhwan/www/webkpi/system/CodeIgniter.php(404): CodeIgniter\CodeIgniter->runController(Object(App\Controllers\User))
#4 /home/ikhwan/www/webkpi/system/CodeIgniter.php(312): CodeIgniter\CodeIgniter->handleRequest(NULL, Object(Config\Cache), false)
#5 /home/ikhwan/www/webkpi/public/index.php(45): CodeIgniter\CodeIgniter->run()
#6 {main}
CRITICAL - 2020-12-08 19:45:28 --> unlink(/home/ikhwan/www/webkpi/public/img/1607474289_894484161ed0753fb03d.jpeg): No such file or directory
#0 [internal function]: CodeIgniter\Debug\Exceptions->errorHandler(2, 'unlink(/home/ik...', '/home/ikhwan/ww...', 226, Array)
#1 /home/ikhwan/www/webkpi/app/Controllers/User.php(226): unlink('/home/ikhwan/ww...')
#2 /home/ikhwan/www/webkpi/system/CodeIgniter.php(918): App\Controllers\User->hapussop()
#3 /home/ikhwan/www/webkpi/system/CodeIgniter.php(404): CodeIgniter\CodeIgniter->runController(Object(App\Controllers\User))
#4 /home/ikhwan/www/webkpi/system/CodeIgniter.php(312): CodeIgniter\CodeIgniter->handleRequest(NULL, Object(Config\Cache), false)
#5 /home/ikhwan/www/webkpi/public/index.php(45): CodeIgniter\CodeIgniter->run()
#6 {main}
CRITICAL - 2020-12-08 19:47:07 --> unlink(/home/ikhwan/www/webkpi/public/img/): Is a directory
#0 [internal function]: CodeIgniter\Debug\Exceptions->errorHandler(2, 'unlink(/home/ik...', '/home/ikhwan/ww...', 226, Array)
#1 /home/ikhwan/www/webkpi/app/Controllers/User.php(226): unlink('/home/ikhwan/ww...')
#2 /home/ikhwan/www/webkpi/system/CodeIgniter.php(918): App\Controllers\User->hapussop()
#3 /home/ikhwan/www/webkpi/system/CodeIgniter.php(404): CodeIgniter\CodeIgniter->runController(Object(App\Controllers\User))
#4 /home/ikhwan/www/webkpi/system/CodeIgniter.php(312): CodeIgniter\CodeIgniter->handleRequest(NULL, Object(Config\Cache), false)
#5 /home/ikhwan/www/webkpi/public/index.php(45): CodeIgniter\CodeIgniter->run()
#6 {main}
CRITICAL - 2020-12-08 20:00:15 --> Call to undefined function App\Controllers\tanggal()
#0 /home/ikhwan/www/webkpi/system/CodeIgniter.php(918): App\Controllers\User->sop('9')
#1 /home/ikhwan/www/webkpi/system/CodeIgniter.php(404): CodeIgniter\CodeIgniter->runController(Object(App\Controllers\User))
#2 /home/ikhwan/www/webkpi/system/CodeIgniter.php(312): CodeIgniter\CodeIgniter->handleRequest(NULL, Object(Config\Cache), false)
#3 /home/ikhwan/www/webkpi/public/index.php(45): CodeIgniter\CodeIgniter->run()
#4 {main}
CRITICAL - 2020-12-08 20:00:15 --> Call to undefined function App\Controllers\tanggal()
#0 /home/ikhwan/www/webkpi/system/CodeIgniter.php(918): App\Controllers\User->sop('9')
#1 /home/ikhwan/www/webkpi/system/CodeIgniter.php(404): CodeIgniter\CodeIgniter->runController(Object(App\Controllers\User))
#2 /home/ikhwan/www/webkpi/system/CodeIgniter.php(312): CodeIgniter\CodeIgniter->handleRequest(NULL, Object(Config\Cache), false)
#3 /home/ikhwan/www/webkpi/public/index.php(45): CodeIgniter\CodeIgniter->run()
#4 {main}
CRITICAL - 2020-12-08 20:59:51 --> Call to a member function getRandomName() on null
#0 /home/ikhwan/www/webkpi/system/CodeIgniter.php(918): App\Controllers\User->simpanSop()
#1 /home/ikhwan/www/webkpi/system/CodeIgniter.php(404): CodeIgniter\CodeIgniter->runController(Object(App\Controllers\User))
#2 /home/ikhwan/www/webkpi/system/CodeIgniter.php(312): CodeIgniter\CodeIgniter->handleRequest(NULL, Object(Config\Cache), false)
#3 /home/ikhwan/www/webkpi/public/index.php(45): CodeIgniter\CodeIgniter->run()
#4 {main}
CRITICAL - 2020-12-08 21:00:14 --> Call to a member function getRandomName() on null
#0 /home/ikhwan/www/webkpi/system/CodeIgniter.php(918): App\Controllers\User->simpanSop()
#1 /home/ikhwan/www/webkpi/system/CodeIgniter.php(404): CodeIgniter\CodeIgniter->runController(Object(App\Controllers\User))
#2 /home/ikhwan/www/webkpi/system/CodeIgniter.php(312): CodeIgniter\CodeIgniter->handleRequest(NULL, Object(Config\Cache), false)
#3 /home/ikhwan/www/webkpi/public/index.php(45): CodeIgniter\CodeIgniter->run()
#4 {main}
CRITICAL - 2020-12-08 21:12:33 --> Call to a member function getRandomName() on null
#0 /home/ikhwan/www/webkpi/system/CodeIgniter.php(918): App\Controllers\User->simpanSop()
#1 /home/ikhwan/www/webkpi/system/CodeIgniter.php(404): CodeIgniter\CodeIgniter->runController(Object(App\Controllers\User))
#2 /home/ikhwan/www/webkpi/system/CodeIgniter.php(312): CodeIgniter\CodeIgniter->handleRequest(NULL, Object(Config\Cache), false)
#3 /home/ikhwan/www/webkpi/public/index.php(45): CodeIgniter\CodeIgniter->run()
#4 {main}
CRITICAL - 2020-12-08 22:11:28 --> Call to undefined method CodeIgniter\HTTP\IncomingRequest::getgambar()
#0 /home/ikhwan/www/webkpi/system/CodeIgniter.php(918): App\Controllers\User->updateSop()
#1 /home/ikhwan/www/webkpi/system/CodeIgniter.php(404): CodeIgniter\CodeIgniter->runController(Object(App\Controllers\User))
#2 /home/ikhwan/www/webkpi/system/CodeIgniter.php(312): CodeIgniter\CodeIgniter->handleRequest(NULL, Object(Config\Cache), false)
#3 /home/ikhwan/www/webkpi/public/index.php(45): CodeIgniter\CodeIgniter->run()
#4 {main}
