CRITICAL - 2020-11-07 11:27:33 --> Allowed fields must be specified for model: App\Models\User_model
#0 /home/ikhwan/www/lokoweb/system/Model.php(1265): CodeIgniter\Database\Exceptions\DataException::forInvalidAllowedFields('App\\Models\\User...')
#1 /home/ikhwan/www/lokoweb/system/Model.php(735): CodeIgniter\Model->doProtectFields(Array)
#2 /home/ikhwan/www/lokoweb/app/Controllers/User.php(69): CodeIgniter\Model->insert(Array)
#3 /home/ikhwan/www/lokoweb/system/CodeIgniter.php(918): App\Controllers\User->simpanKpi()
#4 /home/ikhwan/www/lokoweb/system/CodeIgniter.php(404): CodeIgniter\CodeIgniter->runController(Object(App\Controllers\User))
#5 /home/ikhwan/www/lokoweb/system/CodeIgniter.php(312): CodeIgniter\CodeIgniter->handleRequest(NULL, Object(Config\Cache), false)
#6 /home/ikhwan/www/lokoweb/public/index.php(45): CodeIgniter\CodeIgniter->run()
#7 /home/ikhwan/www/lokoweb/system/Commands/Server/rewrite.php(34): require_once('/home/ikhwan/ww...')
#8 {main}
CRITICAL - 2020-11-07 11:27:55 --> Allowed fields must be specified for model: App\Models\User_model
#0 /home/ikhwan/www/lokoweb/system/Model.php(1265): CodeIgniter\Database\Exceptions\DataException::forInvalidAllowedFields('App\\Models\\User...')
#1 /home/ikhwan/www/lokoweb/system/Model.php(735): CodeIgniter\Model->doProtectFields(Array)
#2 /home/ikhwan/www/lokoweb/app/Controllers/User.php(69): CodeIgniter\Model->insert(Array)
#3 /home/ikhwan/www/lokoweb/system/CodeIgniter.php(918): App\Controllers\User->simpanKpi()
#4 /home/ikhwan/www/lokoweb/system/CodeIgniter.php(404): CodeIgniter\CodeIgniter->runController(Object(App\Controllers\User))
#5 /home/ikhwan/www/lokoweb/system/CodeIgniter.php(312): CodeIgniter\CodeIgniter->handleRequest(NULL, Object(Config\Cache), false)
#6 /home/ikhwan/www/lokoweb/public/index.php(45): CodeIgniter\CodeIgniter->run()
#7 /home/ikhwan/www/lokoweb/system/Commands/Server/rewrite.php(34): require_once('/home/ikhwan/ww...')
#8 {main}
CRITICAL - 2020-11-07 11:28:12 --> Allowed fields must be specified for model: App\Models\User_model
#0 /home/ikhwan/www/lokoweb/system/Model.php(1265): CodeIgniter\Database\Exceptions\DataException::forInvalidAllowedFields('App\\Models\\User...')
#1 /home/ikhwan/www/lokoweb/system/Model.php(735): CodeIgniter\Model->doProtectFields(Array)
#2 /home/ikhwan/www/lokoweb/app/Controllers/User.php(69): CodeIgniter\Model->insert(Array)
#3 /home/ikhwan/www/lokoweb/system/CodeIgniter.php(918): App\Controllers\User->simpanKpi()
#4 /home/ikhwan/www/lokoweb/system/CodeIgniter.php(404): CodeIgniter\CodeIgniter->runController(Object(App\Controllers\User))
#5 /home/ikhwan/www/lokoweb/system/CodeIgniter.php(312): CodeIgniter\CodeIgniter->handleRequest(NULL, Object(Config\Cache), false)
#6 /home/ikhwan/www/lokoweb/public/index.php(45): CodeIgniter\CodeIgniter->run()
#7 /home/ikhwan/www/lokoweb/system/Commands/Server/rewrite.php(34): require_once('/home/ikhwan/ww...')
#8 {main}
CRITICAL - 2020-11-07 11:29:21 --> Allowed fields must be specified for model: App\Models\User_model
#0 /home/ikhwan/www/lokoweb/system/Model.php(1265): CodeIgniter\Database\Exceptions\DataException::forInvalidAllowedFields('App\\Models\\User...')
#1 /home/ikhwan/www/lokoweb/system/Model.php(735): CodeIgniter\Model->doProtectFields(Array)
#2 /home/ikhwan/www/lokoweb/app/Controllers/User.php(67): CodeIgniter\Model->insert(Array)
#3 /home/ikhwan/www/lokoweb/system/CodeIgniter.php(918): App\Controllers\User->simpanKpi()
#4 /home/ikhwan/www/lokoweb/system/CodeIgniter.php(404): CodeIgniter\CodeIgniter->runController(Object(App\Controllers\User))
#5 /home/ikhwan/www/lokoweb/system/CodeIgniter.php(312): CodeIgniter\CodeIgniter->handleRequest(NULL, Object(Config\Cache), false)
#6 /home/ikhwan/www/lokoweb/public/index.php(45): CodeIgniter\CodeIgniter->run()
#7 /home/ikhwan/www/lokoweb/system/Commands/Server/rewrite.php(34): require_once('/home/ikhwan/ww...')
#8 {main}
CRITICAL - 2020-11-07 11:32:48 --> syntax error, unexpected '$model' (T_VARIABLE)
#0 /home/ikhwan/www/lokoweb/system/Autoloader/Autoloader.php(296): CodeIgniter\Autoloader\Autoloader->requireFile('/home/ikhwan/ww...')
#1 /home/ikhwan/www/lokoweb/system/Autoloader/Autoloader.php(258): CodeIgniter\Autoloader\Autoloader->loadInNamespace('App\\Controllers...')
#2 [internal function]: CodeIgniter\Autoloader\Autoloader->loadClass('App\\Controllers...')
#3 [internal function]: spl_autoload_call('App\\Controllers...')
#4 /home/ikhwan/www/lokoweb/system/CodeIgniter.php(869): class_exists('\\App\\Controller...', true)
#5 /home/ikhwan/www/lokoweb/system/CodeIgniter.php(394): CodeIgniter\CodeIgniter->startController()
#6 /home/ikhwan/www/lokoweb/system/CodeIgniter.php(312): CodeIgniter\CodeIgniter->handleRequest(NULL, Object(Config\Cache), false)
#7 /home/ikhwan/www/lokoweb/public/index.php(45): CodeIgniter\CodeIgniter->run()
#8 /home/ikhwan/www/lokoweb/system/Commands/Server/rewrite.php(34): require_once('/home/ikhwan/ww...')
#9 {main}
CRITICAL - 2020-11-07 11:32:48 --> syntax error, unexpected '$model' (T_VARIABLE)
#0 /home/ikhwan/www/lokoweb/system/Autoloader/Autoloader.php(296): CodeIgniter\Autoloader\Autoloader->requireFile('/home/ikhwan/ww...')
#1 /home/ikhwan/www/lokoweb/system/Autoloader/Autoloader.php(258): CodeIgniter\Autoloader\Autoloader->loadInNamespace('App\\Controllers...')
#2 [internal function]: CodeIgniter\Autoloader\Autoloader->loadClass('App\\Controllers...')
#3 [internal function]: spl_autoload_call('App\\Controllers...')
#4 /home/ikhwan/www/lokoweb/system/CodeIgniter.php(869): class_exists('\\App\\Controller...', true)
#5 /home/ikhwan/www/lokoweb/system/CodeIgniter.php(394): CodeIgniter\CodeIgniter->startController()
#6 /home/ikhwan/www/lokoweb/system/CodeIgniter.php(312): CodeIgniter\CodeIgniter->handleRequest(NULL, Object(Config\Cache), false)
#7 /home/ikhwan/www/lokoweb/public/index.php(45): CodeIgniter\CodeIgniter->run()
#8 /home/ikhwan/www/lokoweb/system/Commands/Server/rewrite.php(34): require_once('/home/ikhwan/ww...')
#9 {main}
CRITICAL - 2020-11-07 11:32:49 --> syntax error, unexpected '$model' (T_VARIABLE)
#0 /home/ikhwan/www/lokoweb/system/Autoloader/Autoloader.php(296): CodeIgniter\Autoloader\Autoloader->requireFile('/home/ikhwan/ww...')
#1 /home/ikhwan/www/lokoweb/system/Autoloader/Autoloader.php(258): CodeIgniter\Autoloader\Autoloader->loadInNamespace('App\\Controllers...')
#2 [internal function]: CodeIgniter\Autoloader\Autoloader->loadClass('App\\Controllers...')
#3 [internal function]: spl_autoload_call('App\\Controllers...')
#4 /home/ikhwan/www/lokoweb/system/CodeIgniter.php(869): class_exists('\\App\\Controller...', true)
#5 /home/ikhwan/www/lokoweb/system/CodeIgniter.php(394): CodeIgniter\CodeIgniter->startController()
#6 /home/ikhwan/www/lokoweb/system/CodeIgniter.php(312): CodeIgniter\CodeIgniter->handleRequest(NULL, Object(Config\Cache), false)
#7 /home/ikhwan/www/lokoweb/public/index.php(45): CodeIgniter\CodeIgniter->run()
#8 /home/ikhwan/www/lokoweb/system/Commands/Server/rewrite.php(34): require_once('/home/ikhwan/ww...')
#9 {main}
