CRITICAL - 2020-12-09 04:40:18 --> password_hash() expects at least 2 parameters, 1 given
#0 [internal function]: CodeIgniter\Debug\Exceptions->errorHandler(2, 'password_hash()...', '/home/ikhwan/ww...', 21, Array)
#1 /home/ikhwan/www/webkpi/app/Controllers/Auth.php(21): password_hash('tes123')
#2 /home/ikhwan/www/webkpi/system/CodeIgniter.php(918): App\Controllers\Auth->login()
#3 /home/ikhwan/www/webkpi/system/CodeIgniter.php(404): CodeIgniter\CodeIgniter->runController(Object(App\Controllers\Auth))
#4 /home/ikhwan/www/webkpi/system/CodeIgniter.php(312): CodeIgniter\CodeIgniter->handleRequest(NULL, Object(Config\Cache), false)
#5 /home/ikhwan/www/webkpi/public/index.php(45): CodeIgniter\CodeIgniter->run()
#6 {main}
CRITICAL - 2020-12-09 04:44:25 --> Class 'Config\App\Filters\Auth' not found
#0 /home/ikhwan/www/webkpi/system/CodeIgniter.php(382): CodeIgniter\Filters\Filters->run('kpi', 'before')
#1 /home/ikhwan/www/webkpi/system/CodeIgniter.php(312): CodeIgniter\CodeIgniter->handleRequest(NULL, Object(Config\Cache), false)
#2 /home/ikhwan/www/webkpi/public/index.php(45): CodeIgniter\CodeIgniter->run()
#3 {main}
CRITICAL - 2020-12-09 04:44:25 --> Class 'Config\App\Filters\Auth' not found
#0 /home/ikhwan/www/webkpi/system/CodeIgniter.php(382): CodeIgniter\Filters\Filters->run('kpi', 'before')
#1 /home/ikhwan/www/webkpi/system/CodeIgniter.php(312): CodeIgniter\CodeIgniter->handleRequest(NULL, Object(Config\Cache), false)
#2 /home/ikhwan/www/webkpi/public/index.php(45): CodeIgniter\CodeIgniter->run()
#3 {main}
CRITICAL - 2020-12-09 06:09:19 --> Call to a member function get() on null
#0 /home/ikhwan/www/webkpi/system/CodeIgniter.php(918): App\Controllers\User->kpi()
#1 /home/ikhwan/www/webkpi/system/CodeIgniter.php(404): CodeIgniter\CodeIgniter->runController(Object(App\Controllers\User))
#2 /home/ikhwan/www/webkpi/system/CodeIgniter.php(312): CodeIgniter\CodeIgniter->handleRequest(NULL, Object(Config\Cache), false)
#3 /home/ikhwan/www/webkpi/public/index.php(45): CodeIgniter\CodeIgniter->run()
#4 {main}
CRITICAL - 2020-12-09 06:10:01 --> Call to a member function get() on null
#0 /home/ikhwan/www/webkpi/system/CodeIgniter.php(918): App\Controllers\User->kpi()
#1 /home/ikhwan/www/webkpi/system/CodeIgniter.php(404): CodeIgniter\CodeIgniter->runController(Object(App\Controllers\User))
#2 /home/ikhwan/www/webkpi/system/CodeIgniter.php(312): CodeIgniter\CodeIgniter->handleRequest(NULL, Object(Config\Cache), false)
#3 /home/ikhwan/www/webkpi/public/index.php(45): CodeIgniter\CodeIgniter->run()
#4 {main}
CRITICAL - 2020-12-09 06:10:02 --> Call to a member function get() on null
#0 /home/ikhwan/www/webkpi/system/CodeIgniter.php(918): App\Controllers\User->kpi()
#1 /home/ikhwan/www/webkpi/system/CodeIgniter.php(404): CodeIgniter\CodeIgniter->runController(Object(App\Controllers\User))
#2 /home/ikhwan/www/webkpi/system/CodeIgniter.php(312): CodeIgniter\CodeIgniter->handleRequest(NULL, Object(Config\Cache), false)
#3 /home/ikhwan/www/webkpi/public/index.php(45): CodeIgniter\CodeIgniter->run()
#4 {main}
CRITICAL - 2020-12-09 06:10:03 --> Call to a member function get() on null
#0 /home/ikhwan/www/webkpi/system/CodeIgniter.php(918): App\Controllers\User->kpi()
#1 /home/ikhwan/www/webkpi/system/CodeIgniter.php(404): CodeIgniter\CodeIgniter->runController(Object(App\Controllers\User))
#2 /home/ikhwan/www/webkpi/system/CodeIgniter.php(312): CodeIgniter\CodeIgniter->handleRequest(NULL, Object(Config\Cache), false)
#3 /home/ikhwan/www/webkpi/public/index.php(45): CodeIgniter\CodeIgniter->run()
#4 {main}
CRITICAL - 2020-12-09 06:10:03 --> Call to a member function get() on null
#0 /home/ikhwan/www/webkpi/system/CodeIgniter.php(918): App\Controllers\User->kpi()
#1 /home/ikhwan/www/webkpi/system/CodeIgniter.php(404): CodeIgniter\CodeIgniter->runController(Object(App\Controllers\User))
#2 /home/ikhwan/www/webkpi/system/CodeIgniter.php(312): CodeIgniter\CodeIgniter->handleRequest(NULL, Object(Config\Cache), false)
#3 /home/ikhwan/www/webkpi/public/index.php(45): CodeIgniter\CodeIgniter->run()
#4 {main}
